/usr/local/lib/guess/lib/guess.jar:/usr/local/lib/guess/lib/piccolo.jar:/usr/local/lib/guess/lib/piccolox.jar:/usr/local/lib/guess/lib/jung.jar:/usr/local/lib/guess/lib/commons-collections.jar:/usr/local/lib/guess/lib/hsqldb.jar:/usr/local/lib/guess/lib/freehep-all.jar:/usr/local/lib/guess/lib/colt.jar:/usr/local/lib/guess/lib/prefuse.jar:/usr/local/lib/guess/lib/TGGraphLayout.jar:/usr/local/lib/guess/lib/looks.jar:/usr/local/lib/guess/lib/mascoptLib.jar:/usr/local/lib/guess/lib/jfreechart.jar:/usr/local/lib/guess/lib/jide-components.jar:/usr/local/lib/guess/lib/jide-common.jar:/usr/local/lib/guess/lib/forms.jar:/usr/local/lib/guess/lib/jcommon.jar
GUESS Version: 1.0.3beta (20070813-1150)

Loaded 0 nodes and 0 edges
node.color already exists 12 lightgray
node.height already exists 8 10
node.width already exists 8 10
node.labelvisible already exists 16 false
node.style already exists -6 2
node.label already exists 12 null
node.visible already exists 16 false
edge.color already exists 12 yellow
edge.labelvisible already exists 16 false
edge.labelcolor already exists 12 white
edge.visible already exists 16 false
edge.width already exists 8 null
edge.weight already exists 8 null
Exception in thread "AWT-EventQueue-0" Traceback (innermost last):
  File "/Users/mabrams/mi/guess/popco.py", line 0, in <lambda>
  File "/Users/mabrams/mi/guess/popco.py", line 161, in toggleWeightSources
  File "/Users/mabrams/mi/guess/popco.py", line 147, in showWeightSources
  File "<string>", line 1, in ?
NameError: OE_NOTHING_maps_H_MAN_POWER
Exception in thread "AWT-EventQueue-0" Traceback (innermost last):
  File "/Users/mabrams/mi/guess/popco.py", line 0, in <lambda>
  File "/Users/mabrams/mi/guess/popco.py", line 161, in toggleWeightSources
  File "/Users/mabrams/mi/guess/popco.py", line 147, in showWeightSources
  File "<string>", line 1, in ?
NameError: OE_NOTHING_maps_H_MAN_POWER
0
